<?xml version="1.0" encoding="UTF-8"?>
<!-- Generated by org.testng.reporters.JUnitReportReporter -->
<testsuite skipped="0" hostname="MX-IT00714" name="com.training.test.TestStarbucks" tests="2" failures="0" timestamp="10 nov 2017 16:53:45 GMT" time="206.486" errors="0">
  <testcase name="coffeeTest" time="150.501" classname="com.training.test.TestStarbucks"/>
  <testcase name="testMenu" time="55.985" classname="com.training.test.TestStarbucks"/>
</testsuite> <!-- com.training.test.TestStarbucks -->
