<?xml version="1.0" encoding="UTF-8"?>
<!-- Generated by org.testng.reporters.JUnitReportReporter -->
<testsuite skipped="1" hostname="MX-IT00714" name="com.training.test.TestMenu" tests="2" failures="0" timestamp="09 nov 2017 17:17:38 GMT" time="6.028" errors="0">
  <testcase name="coffeeTest" time="6.028" classname="com.training.test.TestMenu"/>
  <testcase name="testMenu" classname="com.training.test.TestMenu">
    <skipped/>
  </testcase> <!-- testMenu -->
</testsuite> <!-- com.training.test.TestMenu -->
