<?xml version="1.0" encoding="UTF-8"?>
<!-- Generated by org.testng.reporters.JUnitReportReporter -->
<testsuite skipped="0" hostname="MX-IT00714" name="com.globantu.automation.jose_colin.TestPost" tests="3" failures="0" timestamp="22 nov 2017 16:24:35 GMT" time="1.812" errors="0">
  <testcase name="testPostBody" time="0.275" classname="com.globantu.automation.jose_colin.TestPost"/>
  <testcase name="createAndDelete" time="1.024" classname="com.globantu.automation.jose_colin.TestPost"/>
  <testcase name="testPostStatus" time="0.513" classname="com.globantu.automation.jose_colin.TestPost"/>
</testsuite> <!-- com.globantu.automation.jose_colin.TestPost -->
