<?xml version="1.0" encoding="UTF-8"?>
<!-- Generated by org.testng.reporters.JUnitReportReporter -->
<testsuite skipped="0" hostname="MX-IT00714" name="com.globantu.automation.jose_colin.TestGet" tests="3" failures="0" timestamp="22 nov 2017 16:24:35 GMT" time="2.539" errors="0">
  <testcase name="validateContent" time="0.931" classname="com.globantu.automation.jose_colin.TestGet"/>
  <testcase name="basicPingTest" time="1.067" classname="com.globantu.automation.jose_colin.TestGet"/>
  <testcase name="validWithSchema" time="0.541" classname="com.globantu.automation.jose_colin.TestGet"/>
</testsuite> <!-- com.globantu.automation.jose_colin.TestGet -->
