<?xml version="1.0" encoding="UTF-8"?>
<!-- Generated by org.testng.reporters.JUnitReportReporter -->
<testsuite skipped="0" hostname="MX-IT00714" name="com.training.test.TestStarbucks" tests="2" failures="0" timestamp="10 nov 2017 17:23:44 GMT" time="240.983" errors="0">
  <testcase name="testMenu" time="42.098" classname="com.training.test.TestStarbucks"/>
  <testcase name="coffeeTest" time="198.885" classname="com.training.test.TestStarbucks"/>
</testsuite> <!-- com.training.test.TestStarbucks -->
